#
# A fatal error has been detected by the Java Runtime Environment:
#
#  EXCEPTION_ACCESS_VIOLATION (0xc0000005) at pc=0x687ecda3, pid=2376, tid=0x0000061c
#
# JRE version: Java(TM) SE Runtime Environment (8.0_112-b15) (build 1.8.0_112-b15)
# Java VM: Java HotSpot(TM) Client VM (25.112-b15 mixed mode windows-x86 )
# Problematic frame:
# C  [atioglxx.dll+0x35cda3]
#
# Failed to write core dump. Minidumps are not enabled by default on client versions of Windows
#
# If you would like to submit a bug report, please visit:
#   http://bugreport.java.com/bugreport/crash.jsp
# The crash happened outside the Java Virtual Machine in native code.
# See problematic frame for where to report the bug.
#

---------------  T H R E A D  ---------------

Current thread (0x19548800):  JavaThread "main-AWTAnimator#00" [_thread_in_native, id=1564, stack(0x18850000,0x188a0000)]

siginfo: ExceptionCode=0xc0000005, reading address 0x00000000

Registers:
EAX=0x1889f248, EBX=0x1b20efc8, ECX=0x00000000, EDX=0x00000000
ESP=0x1889f238, EBP=0x1889f2a8, ESI=0x1a803018, EDI=0x00000000
EIP=0x687ecda3, EFLAGS=0x00010206

Top of Stack: (sp=0x1889f238)
0x1889f238:   00000000 1a803018 1b20f028 1889f284
0x1889f248:   1aa0dbf8 1889f264 69a00ba8 00000000
0x1889f258:   00000060 0000006f 1a869580 1a803078
0x1889f268:   0000039e 1a803018 00000042 00000000
0x1889f278:   00000000 00000000 00000000 1889f2a0
0x1889f288:   00000000 0000000f 000003ff 69a00ba8
0x1889f298:   00000000 1889f2f0 1889f2c8 687ecb71
0x1889f2a8:   1889f2c8 687ecbc9 1b20f028 1a803018 

Instructions: (pc=0x687ecda3)
0x687ecd83:   e8 38 32 d6 ff 8b 93 68 12 00 00 c7 44 24 54 0f
0x687ecd93:   00 00 00 c7 44 24 50 00 00 00 00 c6 44 24 40 00
0x687ecda3:   80 3a 00 75 04 33 c9 eb 0e 8b ca 8d 71 01 8a 01
0x687ecdb3:   41 84 c0 75 f9 2b ce 51 52 8d 4c 24 48 e8 fb 31 


Register to memory mapping:

EAX=0x1889f248 is pointing into the stack for thread: 0x19548800
EBX=0x1b20efc8 is an unknown value
ECX=0x00000000 is an unknown value
EDX=0x00000000 is an unknown value
ESP=0x1889f238 is pointing into the stack for thread: 0x19548800
EBP=0x1889f2a8 is pointing into the stack for thread: 0x19548800
ESI=0x1a803018 is an unknown value
EDI=0x00000000 is an unknown value


Stack: [0x18850000,0x188a0000],  sp=0x1889f238,  free space=316k
Native frames: (J=compiled Java code, j=interpreted, Vv=VM code, C=native code)
C  [atioglxx.dll+0x35cda3]
C  [atioglxx.dll+0x35cbc9]
C  [atioglxx.dll+0x22652e]
C  [atioglxx.dll+0x55aebe]
C  [atioglxx.dll+0x2f15ec]
C  [atioglxx.dll+0x27f455]
C  [atioglxx.dll+0xc00010]
C  [atioglxx.dll+0xc07ae4]
C  [atioglxx.dll+0x10c8eb]
C  [opengl32.dll+0x39286]
C  [opengl32.dll+0x39583]
C  [jogl_desktop.dll+0x560a6]
J 394  jogamp.opengl.windows.wgl.WGL.dispatch_wglMakeCurrent0(JJJ)Z (0 bytes) @ 0x0273c807 [0x0273c760+0xa7]
J 393 C1 jogamp.opengl.windows.wgl.WGL.wglMakeCurrent(JJ)Z (45 bytes) @ 0x0273bff0 [0x0273bd00+0x2f0]
J 495 C1 jogamp.opengl.windows.wgl.WindowsWGLContext.wglReleaseContext()Z (101 bytes) @ 0x02765478 [0x027653b0+0xc8]
J 494 C1 jogamp.opengl.windows.wgl.WindowsWGLContext.releaseImpl()V (37 bytes) @ 0x02764e30 [0x02764e10+0x20]
J 493 C1 jogamp.opengl.GLContextImpl.release(Z)V (454 bytes) @ 0x02763964 [0x02763600+0x364]
J 502 C1 jogamp.opengl.GLContextImpl.release()V (6 bytes) @ 0x02768268 [0x02768240+0x28]
J 574 C1 jogamp.opengl.GLDrawableHelper.invokeGLImpl(Lcom/jogamp/opengl/GLDrawable;Lcom/jogamp/opengl/GLContext;Ljava/lang/Runnable;Ljava/lang/Runnable;)V (579 bytes) @ 0x0277e550 [0x0277e0f0+0x460]
J 573 C1 jogamp.opengl.GLDrawableHelper.invokeGL(Lcom/jogamp/opengl/GLDrawable;Lcom/jogamp/opengl/GLContext;Ljava/lang/Runnable;Ljava/lang/Runnable;)V (76 bytes) @ 0x0277dd5c [0x0277dd10+0x4c]
J 504 C1 com.jogamp.newt.opengl.GLWindow.display()V (144 bytes) @ 0x02768b38 [0x027689f0+0x148]
J 421 C1 com.jogamp.opengl.util.AWTAnimatorImpl.display(Ljava/util/ArrayList;ZZ)V (170 bytes) @ 0x02746b44 [0x02746a20+0x124]
J 537 C1 com.jogamp.opengl.util.AnimatorBase.display()V (29 bytes) @ 0x02773648 [0x027735e0+0x68]
j  com.jogamp.opengl.util.Animator$MainLoop.run()V+494
j  java.lang.Thread.run()V+11
v  ~StubRoutines::call_stub
V  [jvm.dll+0x15a945]
V  [jvm.dll+0x220d0e]
V  [jvm.dll+0x15a9de]
V  [jvm.dll+0x15ab66]
V  [jvm.dll+0x15abd7]
V  [jvm.dll+0xfeeaf]
V  [jvm.dll+0x17d670]
V  [jvm.dll+0x17deea]
V  [jvm.dll+0x1c2986]
C  [msvcr100.dll+0x5c556]
C  [msvcr100.dll+0x5c600]
C  [kernel32.dll+0x133ca]
C  [ntdll.dll+0x39ed2]
C  [ntdll.dll+0x39ea5]
C  0x00000000

Java frames: (J=compiled Java code, j=interpreted, Vv=VM code)
J 394  jogamp.opengl.windows.wgl.WGL.dispatch_wglMakeCurrent0(JJJ)Z (0 bytes) @ 0x0273c7c3 [0x0273c760+0x63]
J 393 C1 jogamp.opengl.windows.wgl.WGL.wglMakeCurrent(JJ)Z (45 bytes) @ 0x0273bff0 [0x0273bd00+0x2f0]
J 495 C1 jogamp.opengl.windows.wgl.WindowsWGLContext.wglReleaseContext()Z (101 bytes) @ 0x02765478 [0x027653b0+0xc8]
J 494 C1 jogamp.opengl.windows.wgl.WindowsWGLContext.releaseImpl()V (37 bytes) @ 0x02764e30 [0x02764e10+0x20]
J 493 C1 jogamp.opengl.GLContextImpl.release(Z)V (454 bytes) @ 0x02763964 [0x02763600+0x364]
J 502 C1 jogamp.opengl.GLContextImpl.release()V (6 bytes) @ 0x02768268 [0x02768240+0x28]
J 574 C1 jogamp.opengl.GLDrawableHelper.invokeGLImpl(Lcom/jogamp/opengl/GLDrawable;Lcom/jogamp/opengl/GLContext;Ljava/lang/Runnable;Ljava/lang/Runnable;)V (579 bytes) @ 0x0277e550 [0x0277e0f0+0x460]
J 573 C1 jogamp.opengl.GLDrawableHelper.invokeGL(Lcom/jogamp/opengl/GLDrawable;Lcom/jogamp/opengl/GLContext;Ljava/lang/Runnable;Ljava/lang/Runnable;)V (76 bytes) @ 0x0277dd5c [0x0277dd10+0x4c]
J 504 C1 com.jogamp.newt.opengl.GLWindow.display()V (144 bytes) @ 0x02768b38 [0x027689f0+0x148]
J 421 C1 com.jogamp.opengl.util.AWTAnimatorImpl.display(Ljava/util/ArrayList;ZZ)V (170 bytes) @ 0x02746b44 [0x02746a20+0x124]
J 537 C1 com.jogamp.opengl.util.AnimatorBase.display()V (29 bytes) @ 0x02773648 [0x027735e0+0x68]
j  com.jogamp.opengl.util.Animator$MainLoop.run()V+494
j  java.lang.Thread.run()V+11
v  ~StubRoutines::call_stub

---------------  P R O C E S S  ---------------

Java Threads: ( => current thread )
  0x00b9c000 JavaThread "DestroyJavaVM" [_thread_blocked, id=1232, stack(0x022f0000,0x02340000)]
=>0x19548800 JavaThread "main-AWTAnimator#00" [_thread_in_native, id=1564, stack(0x18850000,0x188a0000)]
  0x15a09c00 JavaThread "main-Display-.windows_nil-1-EDT-1" daemon [_thread_blocked, id=5732, stack(0x19280000,0x192d0000)]
  0x19558800 JavaThread "main-SharedResourceRunner" daemon [_thread_blocked, id=3592, stack(0x192f0000,0x19340000)]
  0x157b8800 JavaThread "AWT-Windows" daemon [_thread_in_native, id=688, stack(0x15d70000,0x15dc0000)]
  0x14e5f800 JavaThread "Java2D Disposer" daemon [_thread_blocked, id=5528, stack(0x153a0000,0x153f0000)]
  0x14cde400 JavaThread "Service Thread" daemon [_thread_blocked, id=1760, stack(0x151d0000,0x15220000)]
  0x14cb7400 JavaThread "C1 CompilerThread0" daemon [_thread_blocked, id=3636, stack(0x152d0000,0x15320000)]
  0x14cb6000 JavaThread "Attach Listener" daemon [_thread_blocked, id=2856, stack(0x150e0000,0x15130000)]
  0x14cb3000 JavaThread "Signal Dispatcher" daemon [_thread_blocked, id=5700, stack(0x15090000,0x150e0000)]
  0x14ca2000 JavaThread "Finalizer" daemon [_thread_blocked, id=5308, stack(0x14f50000,0x14fa0000)]
  0x14c7fc00 JavaThread "Reference Handler" daemon [_thread_blocked, id=5616, stack(0x00e50000,0x00ea0000)]

Other Threads:
  0x14c79c00 VMThread [stack: 0x04690000,0x046e0000] [id=4500]
  0x14ce2c00 WatcherThread [stack: 0x15460000,0x154b0000] [id=1544]

VM state:not at safepoint (normal execution)

VM Mutex/Monitor currently owned by a thread: None

Heap:
 def new generation   total 4928K, used 2363K [0x04800000, 0x04d50000, 0x09d50000)
  eden space 4416K,  47% used [0x04800000, 0x04a11708, 0x04c50000)
  from space 512K,  47% used [0x04c50000, 0x04c8d698, 0x04cd0000)
  to   space 512K,   0% used [0x04cd0000, 0x04cd0000, 0x04d50000)
 tenured generation   total 10944K, used 4745K [0x09d50000, 0x0a800000, 0x14800000)
   the space 10944K,  43% used [0x09d50000, 0x0a1f2550, 0x0a1f2600, 0x0a800000)
 Metaspace       used 8634K, capacity 8794K, committed 8960K, reserved 9600K

Card table byte_map: [0x00dc0000,0x00e50000] byte_map_base: 0x00d9c000

Polling page: 0x00110000

CodeCache: size=32768Kb used=1586Kb max_used=1586Kb free=31181Kb
 bounds [0x02610000, 0x027a0000, 0x04610000]
 total_blobs=1068 nmethods=653 adapters=346
 compilation: enabled

Compilation events (10 events):
Event: 140.466 Thread 0x14cb7400  650             java.lang.StringBuilder::<init> (18 bytes)
Event: 140.467 Thread 0x14cb7400 nmethod 650 0x02795248 code [0x02795350, 0x0279548c]
Event: 140.626 Thread 0x14cb7400  651             com.jogamp.newt.event.KeyEvent::isPrintableKey (275 bytes)
Event: 140.627 Thread 0x14cb7400 nmethod 651 0x02795588 code [0x027956b0, 0x027959c0]
Event: 140.696 Thread 0x14cb7400  652             jogamp.newt.WindowImpl::consumeKeyEvent (160 bytes)
Event: 140.697 Thread 0x14cb7400 nmethod 652 0x02795c88 code [0x02795dd0, 0x02796040]
Event: 142.997 Thread 0x14cb7400  653 % !         jogamp.newt.DefaultEDTUtil$NEDT::run @ 53 (1112 bytes)
Event: 143.009 Thread 0x14cb7400 nmethod 653% 0x02796348 code [0x02796860, 0x027988e0]
Event: 143.307 Thread 0x14cb7400  654             com.bowie.javagl.Simplex::getSupport (12 bytes)
Event: 143.308 Thread 0x14cb7400 nmethod 654 0x0279c248 code [0x0279c360, 0x0279c62c]

GC Heap History (10 events):
Event: 2.867 GC heap before
{Heap before GC invocations=9 (full 0):
 def new generation   total 4928K, used 4916K [0x04800000, 0x04d50000, 0x09d50000)
  eden space 4416K, 100% used [0x04800000, 0x04c50000, 0x04c50000)
  from space 512K,  97% used [0x04cd0000, 0x04d4d0d8, 0x04d50000)
  to   space 512K,   0% used [0x04c50000, 0x04c50000, 0x04cd0000)
 tenured generation   total 10944K, used 4575K [0x09d50000, 0x0a800000, 0x14800000)
   the space 10944K,  41% used [0x09d50000, 0x0a1c7f80, 0x0a1c8000, 0x0a800000)
 Metaspace       used 8531K, capacity 8696K, committed 8832K, reserved 9600K
Event: 2.870 GC heap after
Heap after GC invocations=10 (full 0):
 def new generation   total 4928K, used 113K [0x04800000, 0x04d50000, 0x09d50000)
  eden space 4416K,   0% used [0x04800000, 0x04800000, 0x04c50000)
  from space 512K,  22% used [0x04c50000, 0x04c6c608, 0x04cd0000)
  to   space 512K,   0% used [0x04cd0000, 0x04cd0000, 0x04d50000)
 tenured generation   total 10944K, used 4745K [0x09d50000, 0x0a800000, 0x14800000)
   the space 10944K,  43% used [0x09d50000, 0x0a1f2550, 0x0a1f2600, 0x0a800000)
 Metaspace       used 8531K, capacity 8696K, committed 8832K, reserved 9600K
}
Event: 34.254 GC heap before
{Heap before GC invocations=10 (full 0):
 def new generation   total 4928K, used 4529K [0x04800000, 0x04d50000, 0x09d50000)
  eden space 4416K, 100% used [0x04800000, 0x04c50000, 0x04c50000)
  from space 512K,  22% used [0x04c50000, 0x04c6c608, 0x04cd0000)
  to   space 512K,   0% used [0x04cd0000, 0x04cd0000, 0x04d50000)
 tenured generation   total 10944K, used 4745K [0x09d50000, 0x0a800000, 0x14800000)
   the space 10944K,  43% used [0x09d50000, 0x0a1f2550, 0x0a1f2600, 0x0a800000)
 Metaspace       used 8634K, capacity 8794K, committed 8960K, reserved 9600K
Event: 34.259 GC heap after
Heap after GC invocations=11 (full 0):
 def new generation   total 4928K, used 255K [0x04800000, 0x04d50000, 0x09d50000)
  eden space 4416K,   0% used [0x04800000, 0x04800000, 0x04c50000)
  from space 512K,  49% used [0x04cd0000, 0x04d0fc98, 0x04d50000)
  to   space 512K,   0% used [0x04c50000, 0x04c50000, 0x04cd0000)
 tenured generation   total 10944K, used 4745K [0x09d50000, 0x0a800000, 0x14800000)
   the space 10944K,  43% used [0x09d50000, 0x0a1f2550, 0x0a1f2600, 0x0a800000)
 Metaspace       used 8634K, capacity 8794K, committed 8960K, reserved 9600K
}
Event: 60.746 GC heap before
{Heap before GC invocations=11 (full 0):
 def new generation   total 4928K, used 4671K [0x04800000, 0x04d50000, 0x09d50000)
  eden space 4416K, 100% used [0x04800000, 0x04c50000, 0x04c50000)
  from space 512K,  49% used [0x04cd0000, 0x04d0fc98, 0x04d50000)
  to   space 512K,   0% used [0x04c50000, 0x04c50000, 0x04cd0000)
 tenured generation   total 10944K, used 4745K [0x09d50000, 0x0a800000, 0x14800000)
   the space 10944K,  43% used [0x09d50000, 0x0a1f2550, 0x0a1f2600, 0x0a800000)
 Metaspace       used 8634K, capacity 8794K, committed 8960K, reserved 9600K
Event: 60.750 GC heap after
Heap after GC invocations=12 (full 0):
 def new generation   total 4928K, used 189K [0x04800000, 0x04d50000, 0x09d50000)
  eden space 4416K,   0% used [0x04800000, 0x04800000, 0x04c50000)
  from space 512K,  36% used [0x04c50000, 0x04c7f4e0, 0x04cd0000)
  to   space 512K,   0% used [0x04cd0000, 0x04cd0000, 0x04d50000)
 tenured generation   total 10944K, used 4745K [0x09d50000, 0x0a800000, 0x14800000)
   the space 10944K,  43% used [0x09d50000, 0x0a1f2550, 0x0a1f2600, 0x0a800000)
 Metaspace       used 8634K, capacity 8794K, committed 8960K, reserved 9600K
}
Event: 95.827 GC heap before
{Heap before GC invocations=12 (full 0):
 def new generation   total 4928K, used 4605K [0x04800000, 0x04d50000, 0x09d50000)
  eden space 4416K, 100% used [0x04800000, 0x04c50000, 0x04c50000)
  from space 512K,  36% used [0x04c50000, 0x04c7f4e0, 0x04cd0000)
  to   space 512K,   0% used [0x04cd0000, 0x04cd0000, 0x04d50000)
 tenured generation   total 10944K, used 4745K [0x09d50000, 0x0a800000, 0x14800000)
   the space 10944K,  43% used [0x09d50000, 0x0a1f2550, 0x0a1f2600, 0x0a800000)
 Metaspace       used 8634K, capacity 8794K, committed 8960K, reserved 9600K
Event: 95.829 GC heap after
Heap after GC invocations=13 (full 0):
 def new generation   total 4928K, used 224K [0x04800000, 0x04d50000, 0x09d50000)
  eden space 4416K,   0% used [0x04800000, 0x04800000, 0x04c50000)
  from space 512K,  43% used [0x04cd0000, 0x04d08008, 0x04d50000)
  to   space 512K,   0% used [0x04c50000, 0x04c50000, 0x04cd0000)
 tenured generation   total 10944K, used 4745K [0x09d50000, 0x0a800000, 0x14800000)
   the space 10944K,  43% used [0x09d50000, 0x0a1f2550, 0x0a1f2600, 0x0a800000)
 Metaspace       used 8634K, capacity 8794K, committed 8960K, reserved 9600K
}
Event: 135.907 GC heap before
{Heap before GC invocations=13 (full 0):
 def new generation   total 4928K, used 4640K [0x04800000, 0x04d50000, 0x09d50000)
  eden space 4416K, 100% used [0x04800000, 0x04c50000, 0x04c50000)
  from space 512K,  43% used [0x04cd0000, 0x04d08008, 0x04d50000)
  to   space 512K,   0% used [0x04c50000, 0x04c50000, 0x04cd0000)
 tenured generation   total 10944K, used 4745K [0x09d50000, 0x0a800000, 0x14800000)
   the space 10944K,  43% used [0x09d50000, 0x0a1f2550, 0x0a1f2600, 0x0a800000)
 Metaspace       used 8634K, capacity 8794K, committed 8960K, reserved 9600K
Event: 135.911 GC heap after
Heap after GC invocations=14 (full 0):
 def new generation   total 4928K, used 245K [0x04800000, 0x04d50000, 0x09d50000)
  eden space 4416K,   0% used [0x04800000, 0x04800000, 0x04c50000)
  from space 512K,  47% used [0x04c50000, 0x04c8d698, 0x04cd0000)
  to   space 512K,   0% used [0x04cd0000, 0x04cd0000, 0x04d50000)
 tenured generation   total 10944K, used 4745K [0x09d50000, 0x0a800000, 0x14800000)
   the space 10944K,  43% used [0x09d50000, 0x0a1f2550, 0x0a1f2600, 0x0a800000)
 Metaspace       used 8634K, capacity 8794K, committed 8960K, reserved 9600K
}

Deoptimization events (0 events):
No events

Internal exceptions (10 events):
Event: 0.372 Thread 0x00b9c000 Exception <a 'java/security/PrivilegedActionException'> (0x04ad5660) thrown at [C:\re\workspace\8-2-build-windows-i586-cygwin\jdk8u112\7884\hotspot\src\share\vm\prims\jvm.cpp, line 1390]
Event: 0.372 Thread 0x00b9c000 Exception <a 'java/security/PrivilegedActionException'> (0x04ad5860) thrown at [C:\re\workspace\8-2-build-windows-i586-cygwin\jdk8u112\7884\hotspot\src\share\vm\prims\jvm.cpp, line 1390]
Event: 0.373 Thread 0x00b9c000 Exception <a 'java/security/PrivilegedActionException'> (0x04ad9698) thrown at [C:\re\workspace\8-2-build-windows-i586-cygwin\jdk8u112\7884\hotspot\src\share\vm\prims\jvm.cpp, line 1390]
Event: 0.373 Thread 0x00b9c000 Exception <a 'java/security/PrivilegedActionException'> (0x04ad9898) thrown at [C:\re\workspace\8-2-build-windows-i586-cygwin\jdk8u112\7884\hotspot\src\share\vm\prims\jvm.cpp, line 1390]
Event: 1.051 Thread 0x00b9c000 Exception <a 'java/lang/NoSuchFieldError': method resolution failed> (0x04904220) thrown at [C:\re\workspace\8-2-build-windows-i586-cygwin\jdk8u112\7884\hotspot\src\share\vm\prims\methodHandles.cpp, line 1146]
Event: 1.054 Thread 0x00b9c000 Exception <a 'java/lang/NoSuchFieldError': method resolution failed> (0x04910780) thrown at [C:\re\workspace\8-2-build-windows-i586-cygwin\jdk8u112\7884\hotspot\src\share\vm\prims\methodHandles.cpp, line 1146]
Event: 1.095 Thread 0x00b9c000 Exception <a 'java/io/FileNotFoundException'> (0x049b1ed8) thrown at [C:\re\workspace\8-2-build-windows-i586-cygwin\jdk8u112\7884\hotspot\src\share\vm\prims\jni.cpp, line 709]
Event: 1.175 Thread 0x00b9c000 Exception <a 'java/io/FileNotFoundException'> (0x04a50568) thrown at [C:\re\workspace\8-2-build-windows-i586-cygwin\jdk8u112\7884\hotspot\src\share\vm\prims\jni.cpp, line 709]
Event: 143.807 Thread 0x19548800 Implicit null exception at 0x0276dcb2 to 0x0276ddcb
Event: 143.807 Thread 0x19548800 Exception <a 'java/lang/NullPointerException'> (0x049fc3c0) thrown at [C:\re\workspace\8-2-build-windows-i586-cygwin\jdk8u112\7884\hotspot\src\share\vm\runtime\sharedRuntime.cpp, line 605]

Events (10 events):
Event: 34.267 Executing VM operation: RevokeBias
Event: 34.267 Executing VM operation: RevokeBias done
Event: 34.267 Executing VM operation: RevokeBias
Event: 34.267 Executing VM operation: RevokeBias done
Event: 60.746 Executing VM operation: GenCollectForAllocation
Event: 60.750 Executing VM operation: GenCollectForAllocation done
Event: 95.827 Executing VM operation: GenCollectForAllocation
Event: 95.829 Executing VM operation: GenCollectForAllocation done
Event: 135.907 Executing VM operation: GenCollectForAllocation
Event: 135.911 Executing VM operation: GenCollectForAllocation done


Dynamic libraries:
0x00eb0000 - 0x00ee3000 	C:\Program Files (x86)\Java\jre1.8.0_112\bin\javaw.exe
0x77870000 - 0x779f0000 	C:\Windows\SysWOW64\ntdll.dll
0x76240000 - 0x76350000 	C:\Windows\syswow64\kernel32.dll
0x76790000 - 0x767d6000 	C:\Windows\syswow64\KERNELBASE.dll
0x76a90000 - 0x76b30000 	C:\Windows\syswow64\ADVAPI32.dll
0x767e0000 - 0x7688c000 	C:\Windows\syswow64\msvcrt.dll
0x77450000 - 0x77469000 	C:\Windows\SysWOW64\sechost.dll
0x76b90000 - 0x76c80000 	C:\Windows\syswow64\RPCRT4.dll
0x753d0000 - 0x75430000 	C:\Windows\syswow64\SspiCli.dll
0x753c0000 - 0x753cc000 	C:\Windows\syswow64\CRYPTBASE.dll
0x764f0000 - 0x765f0000 	C:\Windows\syswow64\USER32.dll
0x76f70000 - 0x77000000 	C:\Windows\syswow64\GDI32.dll
0x764e0000 - 0x764ea000 	C:\Windows\syswow64\LPK.dll
0x76e40000 - 0x76edd000 	C:\Windows\syswow64\USP10.dll
0x729a0000 - 0x72b3e000 	C:\Windows\WinSxS\x86_microsoft.windows.common-controls_6595b64144ccf1df_6.0.7601.17514_none_41e6975e2bd6f2b2\COMCTL32.dll
0x77000000 - 0x77057000 	C:\Windows\syswow64\SHLWAPI.dll
0x771f0000 - 0x77250000 	C:\Windows\system32\IMM32.DLL
0x77380000 - 0x7744c000 	C:\Windows\syswow64\MSCTF.dll
0x6da30000 - 0x6daef000 	C:\Program Files (x86)\Java\jre1.8.0_112\bin\msvcr100.dll
0x6c4a0000 - 0x6c86e000 	C:\Program Files (x86)\Java\jre1.8.0_112\bin\client\jvm.dll
0x71920000 - 0x71927000 	C:\Windows\system32\WSOCK32.dll
0x76c80000 - 0x76cb5000 	C:\Windows\syswow64\WS2_32.dll
0x76090000 - 0x76096000 	C:\Windows\syswow64\NSI.dll
0x72690000 - 0x726c2000 	C:\Windows\system32\WINMM.dll
0x732e0000 - 0x732e9000 	C:\Windows\system32\VERSION.dll
0x772e0000 - 0x772e5000 	C:\Windows\syswow64\PSAPI.DLL
0x6cd30000 - 0x6cd3c000 	C:\Program Files (x86)\Java\jre1.8.0_112\bin\verify.dll
0x6cb50000 - 0x6cb71000 	C:\Program Files (x86)\Java\jre1.8.0_112\bin\java.dll
0x6cb30000 - 0x6cb43000 	C:\Program Files (x86)\Java\jre1.8.0_112\bin\zip.dll
0x75440000 - 0x7608a000 	C:\Windows\syswow64\SHELL32.dll
0x77090000 - 0x771ec000 	C:\Windows\syswow64\ole32.dll
0x73b30000 - 0x73b3b000 	C:\Windows\system32\profapi.dll
0x72fc0000 - 0x72fd6000 	C:\Windows\system32\CRYPTSP.dll
0x72f80000 - 0x72fbb000 	C:\Windows\system32\rsaenh.dll
0x73b40000 - 0x73b57000 	C:\Windows\system32\USERENV.dll
0x6cb10000 - 0x6cb26000 	C:\Program Files (x86)\Java\jre1.8.0_112\bin\net.dll
0x72e10000 - 0x72e4c000 	C:\Windows\system32\mswsock.dll
0x72b50000 - 0x72b56000 	C:\Windows\System32\wship6.dll
0x72950000 - 0x7296c000 	C:\Windows\system32\IPHLPAPI.DLL
0x72940000 - 0x72947000 	C:\Windows\system32\WINNSI.DLL
0x72920000 - 0x72932000 	C:\Windows\system32\dhcpcsvc.DLL
0x72910000 - 0x7291d000 	C:\Windows\system32\dhcpcsvc6.DLL
0x6d030000 - 0x6d03f000 	C:\Program Files (x86)\Java\jre1.8.0_112\bin\nio.dll
0x726d0000 - 0x7271c000 	C:\Windows\system32\apphelp.dll
0x637c0000 - 0x637cb000 	C:\Users\Bowie\AppData\Local\Temp\jogamp_0000\file_cache\jln8074141081778947071\jln8146967331743578546\natives\windows-i586\gluegen-rt.dll
0x6d8e0000 - 0x6da26000 	C:\Program Files (x86)\Java\jre1.8.0_112\bin\awt.dll
0x772f0000 - 0x7737f000 	C:\Windows\syswow64\OLEAUT32.dll
0x725c0000 - 0x72640000 	C:\Windows\system32\uxtheme.dll
0x725a0000 - 0x725b3000 	C:\Windows\system32\dwmapi.dll
0x6d8d0000 - 0x6d8d6000 	C:\Program Files (x86)\Java\jre1.8.0_112\bin\jawt.dll
0x6a440000 - 0x6a44b000 	C:\Users\Bowie\AppData\Local\Temp\jogamp_0000\file_cache\jln8074141081778947071\jln8146967331743578546\natives\windows-i586\nativewindow_awt.dll
0x6d800000 - 0x6d8c8000 	C:\Windows\system32\opengl32.dll
0x6d7d0000 - 0x6d7f2000 	C:\Windows\system32\GLU32.dll
0x6d6e0000 - 0x6d7c7000 	C:\Windows\system32\DDRAW.dll
0x6d6d0000 - 0x6d6d6000 	C:\Windows\system32\DCIMAN32.dll
0x765f0000 - 0x7678d000 	C:\Windows\syswow64\SETUPAPI.dll
0x77060000 - 0x77087000 	C:\Windows\syswow64\CFGMGR32.dll
0x764c0000 - 0x764d2000 	C:\Windows\syswow64\DEVOBJ.dll
0x6d360000 - 0x6d523000 	C:\Windows\system32\d3d9.dll
0x6d350000 - 0x6d356000 	C:\Windows\system32\d3d8thk.dll
0x6b320000 - 0x6b45c000 	C:\Windows\system32\aticfx32.dll
0x6d6a0000 - 0x6d6c2000 	C:\Windows\system32\atiu9pag.dll
0x6aa40000 - 0x6b318000 	C:\Windows\system32\atiumdag.dll
0x161d0000 - 0x16c39000 	C:\Windows\system32\atiumdva.dll
0x6cd40000 - 0x6cd65000 	C:\Windows\system32\POWRPROF.dll
0x6d680000 - 0x6d69c000 	C:\Windows\system32\amdihk32.dll
0x6d670000 - 0x6d676000 	C:\Windows\system32\detoured.dll
0x6c100000 - 0x6c10d000 	C:\Users\Bowie\AppData\Local\Temp\jogamp_0000\file_cache\jln8074141081778947071\jln8146967331743578546\natives\windows-i586\nativewindow_win32.dll
0x6cbc0000 - 0x6cbd0000 	C:\Users\Bowie\AppData\Local\Temp\jogamp_0000\file_cache\jln8074141081778947071\jln8146967331743578546\natives\windows-i586\newt.dll
0x6ca00000 - 0x6ca79000 	C:\Windows\system32\mscms.dll
0x6c9c0000 - 0x6c9f8000 	C:\Windows\system32\icm32.dll
0x64500000 - 0x645a1000 	C:\Users\Bowie\AppData\Local\Temp\jogamp_0000\file_cache\jln8074141081778947071\jln8146967331743578546\natives\windows-i586\jogl_desktop.dll
0x64340000 - 0x6439a000 	C:\Users\Bowie\AppData\Local\Temp\jogamp_0000\file_cache\jln8074141081778947071\jln8146967331743578546\natives\windows-i586\jogl_mobile.dll
0x6d650000 - 0x6d66c000 	C:\Windows\system32\atiglpxx.dll
0x6c8b0000 - 0x6c9b1000 	C:\Windows\system32\atiadlxx.dll
0x721d0000 - 0x722c5000 	C:\Windows\system32\PROPSYS.dll
0x73b20000 - 0x73b2d000 	C:\Windows\system32\WTSAPI32.dll
0x76350000 - 0x7637d000 	C:\Windows\syswow64\WINTRUST.dll
0x76120000 - 0x7623d000 	C:\Windows\syswow64\CRYPT32.dll
0x77840000 - 0x7784c000 	C:\Windows\syswow64\MSASN1.dll
0x68490000 - 0x69fcc000 	C:\Windows\system32\atioglxx.dll
0x6c890000 - 0x6c8a8000 	C:\Windows\system32\dxva2.dll
0x68460000 - 0x6848c000 	C:\Windows\system32\atigktxx.dll
0x68350000 - 0x68451000 	C:\Windows\system32\atiadlxy.dll
0x77250000 - 0x772d3000 	C:\Windows\syswow64\CLBCatQ.DLL
0x68260000 - 0x6834b000 	C:\Windows\system32\dbghelp.dll

VM Arguments:
jvm_args: -Dfile.encoding=Cp1252 
java_command: com.bowie.javagl.AppMain
java_class_path (initial): D:\projects\JavaGLTest\bin;D:\projects\JavaGLTest\gluegen-rt.jar;D:\projects\JavaGLTest\gluegen-rt-natives-windows-i586.jar;D:\projects\JavaGLTest\jogl-all.jar;D:\projects\JavaGLTest\jogl-all-natives-windows-i586.jar
Launcher Type: SUN_STANDARD

Environment Variables:
PATH=C:/Program Files (x86)/Java/jre1.8.0_112/bin/client;C:/Program Files (x86)/Java/jre1.8.0_112/bin;C:/Program Files (x86)/Java/jre1.8.0_112/lib/i386;C:\ProgramData\Oracle\Java\javapath;C:\Windows\system32;C:\Windows;C:\Windows\System32\Wbem;C:\Windows\System32\WindowsPowerShell\v1.0\;C:\Program Files (x86)\ATI Technologies\ATI.ACE\Core-Static;C:\Program Files\Git\cmd;C:\Python\Scripts\;C:\Python\;C:\Program Files (x86)\Java\jre7\bin\;C:\adb;C:\Program Files (x86)\Microsoft SQL Server\100\Tools\Binn\;C:\Program Files\Microsoft SQL Server\100\Tools\Binn\;C:\Program Files\Microsoft SQL Server\100\DTS\Binn\;C:\Python\Scripts\;C:\Python\;C:\Program Files (x86)\Java\jre7\bin\;D:\adt\eclipse;
USERNAME=Bowie
OS=Windows_NT
PROCESSOR_IDENTIFIER=AMD64 Family 21 Model 48 Stepping 1, AuthenticAMD



---------------  S Y S T E M  ---------------

OS: Windows 7 , 64 bit Build 7601 (6.1.7601.17514)

CPU:total 4 (4 cores per cpu, 1 threads per core) family 21 model 48 stepping 1, cmov, cx8, fxsr, mmx, sse, sse2, sse3, ssse3, sse4.1, sse4.2, popcnt, avx, aes, clmul, mmxext, 3dnowpref, lzcnt, sse4a, tsc, tscinvbit, tscinv, bmi1

Memory: 4k page, physical 3617964k(2095168k free), swap 7234084k(5296664k free)

vm_info: Java HotSpot(TM) Client VM (25.112-b15) for windows-x86 JRE (1.8.0_112-b15), built on Sep 22 2016 21:03:20 by "java_re" with MS VC++ 10.0 (VS2010)

time: Tue Dec 27 17:07:03 2016
elapsed time: 144 seconds (0d 0h 2m 24s)

