#
# A fatal error has been detected by the Java Runtime Environment:
#
#  EXCEPTION_ACCESS_VIOLATION (0xc0000005) at pc=0x687acda3, pid=3788, tid=0x00000b78
#
# JRE version: Java(TM) SE Runtime Environment (8.0_112-b15) (build 1.8.0_112-b15)
# Java VM: Java HotSpot(TM) Client VM (25.112-b15 mixed mode windows-x86 )
# Problematic frame:
# C  [atioglxx.dll+0x35cda3]
#
# Failed to write core dump. Minidumps are not enabled by default on client versions of Windows
#
# If you would like to submit a bug report, please visit:
#   http://bugreport.java.com/bugreport/crash.jsp
# The crash happened outside the Java Virtual Machine in native code.
# See problematic frame for where to report the bug.
#

---------------  T H R E A D  ---------------

Current thread (0x195a1400):  JavaThread "main-AWTAnimator#00" [_thread_in_native, id=2936, stack(0x19f10000,0x19f60000)]

siginfo: ExceptionCode=0xc0000005, reading address 0x00000000

Registers:
EAX=0x19f5f158, EBX=0x1b16eec0, ECX=0x00000000, EDX=0x00000000
ESP=0x19f5f148, EBP=0x19f5f1b8, ESI=0x1a751018, EDI=0x00000000
EIP=0x687acda3, EFLAGS=0x00010206

Top of Stack: (sp=0x19f5f148)
0x19f5f148:   00000000 1a751018 1b16ef20 19f5f194
0x19f5f158:   1a7fa668 19f5f174 699c0ba8 00000000
0x19f5f168:   00000060 0000006f 1a7b5580 1a751078
0x19f5f178:   0000039e 1a751018 00000042 00000000
0x19f5f188:   00000000 00000000 00000000 19f5f1b0
0x19f5f198:   00000000 0000000f 000003ff 699c0ba8
0x19f5f1a8:   00000000 19f5f200 19f5f1d8 687acb71
0x19f5f1b8:   19f5f1d8 687acbc9 1b16ef20 1a751018 

Instructions: (pc=0x687acda3)
0x687acd83:   e8 38 32 d6 ff 8b 93 68 12 00 00 c7 44 24 54 0f
0x687acd93:   00 00 00 c7 44 24 50 00 00 00 00 c6 44 24 40 00
0x687acda3:   80 3a 00 75 04 33 c9 eb 0e 8b ca 8d 71 01 8a 01
0x687acdb3:   41 84 c0 75 f9 2b ce 51 52 8d 4c 24 48 e8 fb 31 


Register to memory mapping:

EAX=0x19f5f158 is pointing into the stack for thread: 0x195a1400
EBX=0x1b16eec0 is an unknown value
ECX=0x00000000 is an unknown value
EDX=0x00000000 is an unknown value
ESP=0x19f5f148 is pointing into the stack for thread: 0x195a1400
EBP=0x19f5f1b8 is pointing into the stack for thread: 0x195a1400
ESI=0x1a751018 is an unknown value
EDI=0x00000000 is an unknown value


Stack: [0x19f10000,0x19f60000],  sp=0x19f5f148,  free space=316k
Native frames: (J=compiled Java code, j=interpreted, Vv=VM code, C=native code)
C  [atioglxx.dll+0x35cda3]
C  [atioglxx.dll+0x35cbc9]
C  [atioglxx.dll+0x22652e]
C  [atioglxx.dll+0x55aebe]
C  [atioglxx.dll+0x2f15ec]
C  [atioglxx.dll+0x27f455]
C  [atioglxx.dll+0xc00010]
C  [atioglxx.dll+0xc07ae4]
C  [atioglxx.dll+0x10c8eb]
C  [opengl32.dll+0x39286]
C  [opengl32.dll+0x39583]
C  [jogl_desktop.dll+0x560a6]
j  jogamp.opengl.windows.wgl.WGL.dispatch_wglMakeCurrent0(JJJ)Z+0
j  jogamp.opengl.windows.wgl.WGL.wglMakeCurrent(JJ)Z+41
j  jogamp.opengl.windows.wgl.WindowsWGLContext.wglReleaseContext()Z+27
j  jogamp.opengl.windows.wgl.WindowsWGLContext.releaseImpl()V+1
j  jogamp.opengl.GLContextImpl.release(Z)V+214
j  jogamp.opengl.GLContextImpl.release()V+2
j  jogamp.opengl.GLDrawableHelper.invokeGLImpl(Lcom/jogamp/opengl/GLDrawable;Lcom/jogamp/opengl/GLContext;Ljava/lang/Runnable;Ljava/lang/Runnable;)V+340
j  jogamp.opengl.GLDrawableHelper.invokeGL(Lcom/jogamp/opengl/GLDrawable;Lcom/jogamp/opengl/GLContext;Ljava/lang/Runnable;Ljava/lang/Runnable;)V+72
j  com.jogamp.newt.opengl.GLWindow.display()V+90
j  com.jogamp.opengl.util.AWTAnimatorImpl.display(Ljava/util/ArrayList;ZZ)V+68
j  com.jogamp.opengl.util.AnimatorBase.display()V+16
j  com.jogamp.opengl.util.Animator$MainLoop.run()V+494
j  java.lang.Thread.run()V+11
v  ~StubRoutines::call_stub
V  [jvm.dll+0x15a945]
V  [jvm.dll+0x220d0e]
V  [jvm.dll+0x15a9de]
V  [jvm.dll+0x15ab66]
V  [jvm.dll+0x15abd7]
V  [jvm.dll+0xfeeaf]
V  [jvm.dll+0x17d670]
V  [jvm.dll+0x17deea]
V  [jvm.dll+0x1c2986]
C  [msvcr100.dll+0x5c556]
C  [msvcr100.dll+0x5c600]
C  [kernel32.dll+0x133ca]
C  [ntdll.dll+0x39ed2]
C  [ntdll.dll+0x39ea5]
C  0x00000000

Java frames: (J=compiled Java code, j=interpreted, Vv=VM code)
j  jogamp.opengl.windows.wgl.WGL.dispatch_wglMakeCurrent0(JJJ)Z+0
j  jogamp.opengl.windows.wgl.WGL.wglMakeCurrent(JJ)Z+41
j  jogamp.opengl.windows.wgl.WindowsWGLContext.wglReleaseContext()Z+27
j  jogamp.opengl.windows.wgl.WindowsWGLContext.releaseImpl()V+1
j  jogamp.opengl.GLContextImpl.release(Z)V+214
j  jogamp.opengl.GLContextImpl.release()V+2
j  jogamp.opengl.GLDrawableHelper.invokeGLImpl(Lcom/jogamp/opengl/GLDrawable;Lcom/jogamp/opengl/GLContext;Ljava/lang/Runnable;Ljava/lang/Runnable;)V+340
j  jogamp.opengl.GLDrawableHelper.invokeGL(Lcom/jogamp/opengl/GLDrawable;Lcom/jogamp/opengl/GLContext;Ljava/lang/Runnable;Ljava/lang/Runnable;)V+72
j  com.jogamp.newt.opengl.GLWindow.display()V+90
j  com.jogamp.opengl.util.AWTAnimatorImpl.display(Ljava/util/ArrayList;ZZ)V+68
j  com.jogamp.opengl.util.AnimatorBase.display()V+16
j  com.jogamp.opengl.util.Animator$MainLoop.run()V+494
j  java.lang.Thread.run()V+11
v  ~StubRoutines::call_stub

---------------  P R O C E S S  ---------------

Java Threads: ( => current thread )
  0x0232c000 JavaThread "DestroyJavaVM" [_thread_blocked, id=5668, stack(0x023d0000,0x02420000)]
=>0x195a1400 JavaThread "main-AWTAnimator#00" [_thread_in_native, id=2936, stack(0x19f10000,0x19f60000)]
  0x19596800 JavaThread "main-Display-.windows_nil-1-EDT-1" daemon [_thread_blocked, id=5776, stack(0x15de0000,0x15e30000)]
  0x195b0800 JavaThread "main-SharedResourceRunner" daemon [_thread_blocked, id=4776, stack(0x19320000,0x19370000)]
  0x157f2400 JavaThread "AWT-Windows" daemon [_thread_in_native, id=4000, stack(0x15190000,0x151e0000)]
  0x157f1400 JavaThread "Java2D Disposer" daemon [_thread_blocked, id=3988, stack(0x02460000,0x024b0000)]
  0x14ee2000 JavaThread "Service Thread" daemon [_thread_blocked, id=4044, stack(0x024b0000,0x02500000)]
  0x14ebb400 JavaThread "C1 CompilerThread0" daemon [_thread_blocked, id=2208, stack(0x153d0000,0x15420000)]
  0x14eb5c00 JavaThread "Attach Listener" daemon [_thread_blocked, id=1612, stack(0x150d0000,0x15120000)]
  0x14ea7800 JavaThread "Signal Dispatcher" daemon [_thread_blocked, id=5712, stack(0x15140000,0x15190000)]
  0x14ea5c00 JavaThread "Finalizer" daemon [_thread_blocked, id=4408, stack(0x00240000,0x00290000)]
  0x14e7fc00 JavaThread "Reference Handler" daemon [_thread_blocked, id=5516, stack(0x04880000,0x048d0000)]

Other Threads:
  0x14e79c00 VMThread [stack: 0x048d0000,0x04920000] [id=6104]
  0x14eed000 WatcherThread [stack: 0x154a0000,0x154f0000] [id=5504]

VM state:not at safepoint (normal execution)

VM Mutex/Monitor currently owned by a thread: None

Heap:
 def new generation   total 4928K, used 592K [0x04a00000, 0x04f50000, 0x09f50000)
  eden space 4416K,  12% used [0x04a00000, 0x04a8ba58, 0x04e50000)
  from space 512K,   6% used [0x04ed0000, 0x04ed8938, 0x04f50000)
  to   space 512K,   0% used [0x04e50000, 0x04e50000, 0x04ed0000)
 tenured generation   total 10944K, used 4940K [0x09f50000, 0x0aa00000, 0x14a00000)
   the space 10944K,  45% used [0x09f50000, 0x0a4230b8, 0x0a423200, 0x0aa00000)
 Metaspace       used 8652K, capacity 8794K, committed 8960K, reserved 9600K

Card table byte_map: [0x02260000,0x022f0000] byte_map_base: 0x0223b000

Polling page: 0x00170000

CodeCache: size=32768Kb used=1594Kb max_used=1594Kb free=31173Kb
 bounds [0x02810000, 0x029a0000, 0x04810000]
 total_blobs=1023 nmethods=608 adapters=346
 compilation: enabled

Compilation events (10 events):
Event: 12.294 Thread 0x14ebb400  605             com.bowie.javagl.Matrix3::sub (142 bytes)
Event: 12.295 Thread 0x14ebb400 nmethod 605 0x02995988 code [0x02995a80, 0x02995be0]
Event: 12.412 Thread 0x14ebb400  606             com.bowie.javagl.Simplex::addSupportConservatively (195 bytes)
Event: 12.414 Thread 0x14ebb400 nmethod 606 0x02995d08 code [0x02995fb0, 0x029978b8]
Event: 12.414 Thread 0x14ebb400  607             com.bowie.javagl.Simplex::closestToOrigin (215 bytes)
Event: 12.416 Thread 0x14ebb400 nmethod 607 0x02998fc8 code [0x029992e0, 0x0299b30c]
Event: 12.573 Thread 0x14ebb400  608             com.bowie.javagl.MathHelper::gjkClosestPoint (189 bytes)
Event: 12.575 Thread 0x14ebb400 nmethod 608 0x0299d348 code [0x0299d530, 0x0299dc18]
Event: 12.575 Thread 0x14ebb400  609             com.bowie.javagl.MathHelper::getClosestToTetrahedron (256 bytes)
Event: 12.575 Thread 0x14ebb400 nmethod 609 0x0299e288 code [0x0299e3d0, 0x0299e75c]

GC Heap History (10 events):
Event: 13.725 GC heap before
{Heap before GC invocations=270 (full 0):
 def new generation   total 4928K, used 4450K [0x04a00000, 0x04f50000, 0x09f50000)
  eden space 4416K, 100% used [0x04a00000, 0x04e50000, 0x04e50000)
  from space 512K,   6% used [0x04e50000, 0x04e58bf0, 0x04ed0000)
  to   space 512K,   0% used [0x04ed0000, 0x04ed0000, 0x04f50000)
 tenured generation   total 10944K, used 4939K [0x09f50000, 0x0aa00000, 0x14a00000)
   the space 10944K,  45% used [0x09f50000, 0x0a422c18, 0x0a422e00, 0x0aa00000)
 Metaspace       used 8652K, capacity 8794K, committed 8960K, reserved 9600K
Event: 13.726 GC heap after
Heap after GC invocations=271 (full 0):
 def new generation   total 4928K, used 34K [0x04a00000, 0x04f50000, 0x09f50000)
  eden space 4416K,   0% used [0x04a00000, 0x04a00000, 0x04e50000)
  from space 512K,   6% used [0x04ed0000, 0x04ed8818, 0x04f50000)
  to   space 512K,   0% used [0x04e50000, 0x04e50000, 0x04ed0000)
 tenured generation   total 10944K, used 4939K [0x09f50000, 0x0aa00000, 0x14a00000)
   the space 10944K,  45% used [0x09f50000, 0x0a422f78, 0x0a423000, 0x0aa00000)
 Metaspace       used 8652K, capacity 8794K, committed 8960K, reserved 9600K
}
Event: 13.759 GC heap before
{Heap before GC invocations=271 (full 0):
 def new generation   total 4928K, used 4450K [0x04a00000, 0x04f50000, 0x09f50000)
  eden space 4416K, 100% used [0x04a00000, 0x04e50000, 0x04e50000)
  from space 512K,   6% used [0x04ed0000, 0x04ed8818, 0x04f50000)
  to   space 512K,   0% used [0x04e50000, 0x04e50000, 0x04ed0000)
 tenured generation   total 10944K, used 4939K [0x09f50000, 0x0aa00000, 0x14a00000)
   the space 10944K,  45% used [0x09f50000, 0x0a422f78, 0x0a423000, 0x0aa00000)
 Metaspace       used 8652K, capacity 8794K, committed 8960K, reserved 9600K
Event: 13.760 GC heap after
Heap after GC invocations=272 (full 0):
 def new generation   total 4928K, used 34K [0x04a00000, 0x04f50000, 0x09f50000)
  eden space 4416K,   0% used [0x04a00000, 0x04a00000, 0x04e50000)
  from space 512K,   6% used [0x04e50000, 0x04e58958, 0x04ed0000)
  to   space 512K,   0% used [0x04ed0000, 0x04ed0000, 0x04f50000)
 tenured generation   total 10944K, used 4939K [0x09f50000, 0x0aa00000, 0x14a00000)
   the space 10944K,  45% used [0x09f50000, 0x0a422f78, 0x0a423000, 0x0aa00000)
 Metaspace       used 8652K, capacity 8794K, committed 8960K, reserved 9600K
}
Event: 13.793 GC heap before
{Heap before GC invocations=272 (full 0):
 def new generation   total 4928K, used 4450K [0x04a00000, 0x04f50000, 0x09f50000)
  eden space 4416K, 100% used [0x04a00000, 0x04e50000, 0x04e50000)
  from space 512K,   6% used [0x04e50000, 0x04e58958, 0x04ed0000)
  to   space 512K,   0% used [0x04ed0000, 0x04ed0000, 0x04f50000)
 tenured generation   total 10944K, used 4939K [0x09f50000, 0x0aa00000, 0x14a00000)
   the space 10944K,  45% used [0x09f50000, 0x0a422f78, 0x0a423000, 0x0aa00000)
 Metaspace       used 8652K, capacity 8794K, committed 8960K, reserved 9600K
Event: 13.794 GC heap after
Heap after GC invocations=273 (full 0):
 def new generation   total 4928K, used 34K [0x04a00000, 0x04f50000, 0x09f50000)
  eden space 4416K,   0% used [0x04a00000, 0x04a00000, 0x04e50000)
  from space 512K,   6% used [0x04ed0000, 0x04ed8938, 0x04f50000)
  to   space 512K,   0% used [0x04e50000, 0x04e50000, 0x04ed0000)
 tenured generation   total 10944K, used 4939K [0x09f50000, 0x0aa00000, 0x14a00000)
   the space 10944K,  45% used [0x09f50000, 0x0a422f78, 0x0a423000, 0x0aa00000)
 Metaspace       used 8652K, capacity 8794K, committed 8960K, reserved 9600K
}
Event: 13.826 GC heap before
{Heap before GC invocations=273 (full 0):
 def new generation   total 4928K, used 4450K [0x04a00000, 0x04f50000, 0x09f50000)
  eden space 4416K, 100% used [0x04a00000, 0x04e50000, 0x04e50000)
  from space 512K,   6% used [0x04ed0000, 0x04ed8938, 0x04f50000)
  to   space 512K,   0% used [0x04e50000, 0x04e50000, 0x04ed0000)
 tenured generation   total 10944K, used 4939K [0x09f50000, 0x0aa00000, 0x14a00000)
   the space 10944K,  45% used [0x09f50000, 0x0a422f78, 0x0a423000, 0x0aa00000)
 Metaspace       used 8652K, capacity 8794K, committed 8960K, reserved 9600K
Event: 13.827 GC heap after
Heap after GC invocations=274 (full 0):
 def new generation   total 4928K, used 34K [0x04a00000, 0x04f50000, 0x09f50000)
  eden space 4416K,   0% used [0x04a00000, 0x04a00000, 0x04e50000)
  from space 512K,   6% used [0x04e50000, 0x04e58a48, 0x04ed0000)
  to   space 512K,   0% used [0x04ed0000, 0x04ed0000, 0x04f50000)
 tenured generation   total 10944K, used 4939K [0x09f50000, 0x0aa00000, 0x14a00000)
   the space 10944K,  45% used [0x09f50000, 0x0a422fa8, 0x0a423000, 0x0aa00000)
 Metaspace       used 8652K, capacity 8794K, committed 8960K, reserved 9600K
}
Event: 13.860 GC heap before
{Heap before GC invocations=274 (full 0):
 def new generation   total 4928K, used 4450K [0x04a00000, 0x04f50000, 0x09f50000)
  eden space 4416K, 100% used [0x04a00000, 0x04e50000, 0x04e50000)
  from space 512K,   6% used [0x04e50000, 0x04e58a48, 0x04ed0000)
  to   space 512K,   0% used [0x04ed0000, 0x04ed0000, 0x04f50000)
 tenured generation   total 10944K, used 4939K [0x09f50000, 0x0aa00000, 0x14a00000)
   the space 10944K,  45% used [0x09f50000, 0x0a422fa8, 0x0a423000, 0x0aa00000)
 Metaspace       used 8652K, capacity 8794K, committed 8960K, reserved 9600K
Event: 13.861 GC heap after
Heap after GC invocations=275 (full 0):
 def new generation   total 4928K, used 34K [0x04a00000, 0x04f50000, 0x09f50000)
  eden space 4416K,   0% used [0x04a00000, 0x04a00000, 0x04e50000)
  from space 512K,   6% used [0x04ed0000, 0x04ed8938, 0x04f50000)
  to   space 512K,   0% used [0x04e50000, 0x04e50000, 0x04ed0000)
 tenured generation   total 10944K, used 4940K [0x09f50000, 0x0aa00000, 0x14a00000)
   the space 10944K,  45% used [0x09f50000, 0x0a4230b8, 0x0a423200, 0x0aa00000)
 Metaspace       used 8652K, capacity 8794K, committed 8960K, reserved 9600K
}

Deoptimization events (0 events):
No events

Internal exceptions (10 events):
Event: 0.045 Thread 0x0232c000 Exception <a 'java/lang/NoSuchMethodError': Method sun.misc.Unsafe.defineClass(Ljava/lang/String;[BII)Ljava/lang/Class; name or signature does not match> (0x04a06e68) thrown at [C:\re\workspace\8-2-build-windows-i586-cygwin\jdk8u112\7884\hotspot\src\share
Event: 0.045 Thread 0x0232c000 Exception <a 'java/lang/NoSuchMethodError': Method sun.misc.Unsafe.prefetchRead(Ljava/lang/Object;J)V name or signature does not match> (0x04a07138) thrown at [C:\re\workspace\8-2-build-windows-i586-cygwin\jdk8u112\7884\hotspot\src\share\vm\prims\jni.cpp,
Event: 0.248 Thread 0x0232c000 Exception <a 'java/security/PrivilegedActionException'> (0x04cd56a8) thrown at [C:\re\workspace\8-2-build-windows-i586-cygwin\jdk8u112\7884\hotspot\src\share\vm\prims\jvm.cpp, line 1390]
Event: 0.248 Thread 0x0232c000 Exception <a 'java/security/PrivilegedActionException'> (0x04cd58a8) thrown at [C:\re\workspace\8-2-build-windows-i586-cygwin\jdk8u112\7884\hotspot\src\share\vm\prims\jvm.cpp, line 1390]
Event: 0.248 Thread 0x0232c000 Exception <a 'java/security/PrivilegedActionException'> (0x04cd96e0) thrown at [C:\re\workspace\8-2-build-windows-i586-cygwin\jdk8u112\7884\hotspot\src\share\vm\prims\jvm.cpp, line 1390]
Event: 0.248 Thread 0x0232c000 Exception <a 'java/security/PrivilegedActionException'> (0x04cd98e0) thrown at [C:\re\workspace\8-2-build-windows-i586-cygwin\jdk8u112\7884\hotspot\src\share\vm\prims\jvm.cpp, line 1390]
Event: 0.802 Thread 0x0232c000 Exception <a 'java/lang/NoSuchFieldError': method resolution failed> (0x04b052a8) thrown at [C:\re\workspace\8-2-build-windows-i586-cygwin\jdk8u112\7884\hotspot\src\share\vm\prims\methodHandles.cpp, line 1146]
Event: 0.805 Thread 0x0232c000 Exception <a 'java/lang/NoSuchFieldError': method resolution failed> (0x04b11808) thrown at [C:\re\workspace\8-2-build-windows-i586-cygwin\jdk8u112\7884\hotspot\src\share\vm\prims\methodHandles.cpp, line 1146]
Event: 0.841 Thread 0x0232c000 Exception <a 'java/io/FileNotFoundException'> (0x04bb3340) thrown at [C:\re\workspace\8-2-build-windows-i586-cygwin\jdk8u112\7884\hotspot\src\share\vm\prims\jni.cpp, line 709]
Event: 0.906 Thread 0x0232c000 Exception <a 'java/io/FileNotFoundException'> (0x04c52298) thrown at [C:\re\workspace\8-2-build-windows-i586-cygwin\jdk8u112\7884\hotspot\src\share\vm\prims\jni.cpp, line 709]

Events (10 events):
Event: 13.758 Executing VM operation: GenCollectForAllocation
Event: 13.760 Executing VM operation: GenCollectForAllocation done
Event: 13.793 Executing VM operation: GenCollectForAllocation
Event: 13.794 Executing VM operation: GenCollectForAllocation done
Event: 13.825 Executing VM operation: GenCollectForAllocation
Event: 13.827 Executing VM operation: GenCollectForAllocation done
Event: 13.860 Executing VM operation: GenCollectForAllocation
Event: 13.861 Executing VM operation: GenCollectForAllocation done
Event: 13.863 Executing VM operation: RevokeBias
Event: 13.863 Executing VM operation: RevokeBias done


Dynamic libraries:
0x00a70000 - 0x00aa3000 	C:\Program Files (x86)\Java\jre1.8.0_112\bin\javaw.exe
0x77930000 - 0x77ab0000 	C:\Windows\SysWOW64\ntdll.dll
0x75800000 - 0x75910000 	C:\Windows\syswow64\kernel32.dll
0x774e0000 - 0x77526000 	C:\Windows\syswow64\KERNELBASE.dll
0x77030000 - 0x770d0000 	C:\Windows\syswow64\ADVAPI32.dll
0x76e20000 - 0x76ecc000 	C:\Windows\syswow64\msvcrt.dll
0x76da0000 - 0x76db9000 	C:\Windows\SysWOW64\sechost.dll
0x76cb0000 - 0x76da0000 	C:\Windows\syswow64\RPCRT4.dll
0x75490000 - 0x754f0000 	C:\Windows\syswow64\SspiCli.dll
0x75480000 - 0x7548c000 	C:\Windows\syswow64\CRYPTBASE.dll
0x76a10000 - 0x76b10000 	C:\Windows\syswow64\USER32.dll
0x754f0000 - 0x75580000 	C:\Windows\syswow64\GDI32.dll
0x75960000 - 0x7596a000 	C:\Windows\syswow64\LPK.dll
0x75c70000 - 0x75d0d000 	C:\Windows\syswow64\USP10.dll
0x72bd0000 - 0x72d6e000 	C:\Windows\WinSxS\x86_microsoft.windows.common-controls_6595b64144ccf1df_6.0.7601.17514_none_41e6975e2bd6f2b2\COMCTL32.dll
0x77160000 - 0x771b7000 	C:\Windows\syswow64\SHLWAPI.dll
0x76dc0000 - 0x76e20000 	C:\Windows\system32\IMM32.DLL
0x76f60000 - 0x7702c000 	C:\Windows\syswow64\MSCTF.dll
0x6ce30000 - 0x6ceef000 	C:\Program Files (x86)\Java\jre1.8.0_112\bin\msvcr100.dll
0x6c970000 - 0x6cd3e000 	C:\Program Files (x86)\Java\jre1.8.0_112\bin\client\jvm.dll
0x72040000 - 0x72047000 	C:\Windows\system32\WSOCK32.dll
0x77120000 - 0x77155000 	C:\Windows\syswow64\WS2_32.dll
0x769f0000 - 0x769f6000 	C:\Windows\syswow64\NSI.dll
0x72000000 - 0x72032000 	C:\Windows\system32\WINMM.dll
0x733b0000 - 0x733b9000 	C:\Windows\system32\VERSION.dll
0x76a00000 - 0x76a05000 	C:\Windows\syswow64\PSAPI.DLL
0x6d590000 - 0x6d59c000 	C:\Program Files (x86)\Java\jre1.8.0_112\bin\verify.dll
0x6d500000 - 0x6d521000 	C:\Program Files (x86)\Java\jre1.8.0_112\bin\java.dll
0x6d250000 - 0x6d263000 	C:\Program Files (x86)\Java\jre1.8.0_112\bin\zip.dll
0x75da0000 - 0x769ea000 	C:\Windows\syswow64\SHELL32.dll
0x75970000 - 0x75acc000 	C:\Windows\syswow64\ole32.dll
0x74f50000 - 0x74f5b000 	C:\Windows\system32\profapi.dll
0x73080000 - 0x73096000 	C:\Windows\system32\CRYPTSP.dll
0x72da0000 - 0x72ddb000 	C:\Windows\system32\rsaenh.dll
0x74f60000 - 0x74f77000 	C:\Windows\system32\USERENV.dll
0x6d230000 - 0x6d246000 	C:\Program Files (x86)\Java\jre1.8.0_112\bin\net.dll
0x72e00000 - 0x72e3c000 	C:\Windows\system32\mswsock.dll
0x72df0000 - 0x72df6000 	C:\Windows\System32\wship6.dll
0x72a90000 - 0x72aac000 	C:\Windows\system32\IPHLPAPI.DLL
0x72a80000 - 0x72a87000 	C:\Windows\system32\WINNSI.DLL
0x729b0000 - 0x729c2000 	C:\Windows\system32\dhcpcsvc.DLL
0x729a0000 - 0x729ad000 	C:\Windows\system32\dhcpcsvc6.DLL
0x6d220000 - 0x6d22f000 	C:\Program Files (x86)\Java\jre1.8.0_112\bin\nio.dll
0x72ac0000 - 0x72b0c000 	C:\Windows\system32\apphelp.dll
0x637c0000 - 0x637cb000 	C:\Users\Bowie\AppData\Local\Temp\jogamp_0000\file_cache\jln7762205541096210779\jln4327173686684587884\natives\windows-i586\gluegen-rt.dll
0x6bda0000 - 0x6bee6000 	C:\Program Files (x86)\Java\jre1.8.0_112\bin\awt.dll
0x75580000 - 0x7560f000 	C:\Windows\syswow64\OLEAUT32.dll
0x71430000 - 0x714b0000 	C:\Windows\system32\uxtheme.dll
0x71410000 - 0x71423000 	C:\Windows\system32\dwmapi.dll
0x6cfa0000 - 0x6cfa6000 	C:\Program Files (x86)\Java\jre1.8.0_112\bin\jawt.dll
0x6a440000 - 0x6a44b000 	C:\Users\Bowie\AppData\Local\Temp\jogamp_0000\file_cache\jln7762205541096210779\jln4327173686684587884\natives\windows-i586\nativewindow_awt.dll
0x6bcd0000 - 0x6bd98000 	C:\Windows\system32\opengl32.dll
0x6cf70000 - 0x6cf92000 	C:\Windows\system32\GLU32.dll
0x6b5b0000 - 0x6b697000 	C:\Windows\system32\DDRAW.dll
0x6cf60000 - 0x6cf66000 	C:\Windows\system32\DCIMAN32.dll
0x76b10000 - 0x76cad000 	C:\Windows\syswow64\SETUPAPI.dll
0x75ad0000 - 0x75af7000 	C:\Windows\syswow64\CFGMGR32.dll
0x75910000 - 0x75922000 	C:\Windows\syswow64\DEVOBJ.dll
0x73d20000 - 0x73ee3000 	C:\Windows\system32\d3d9.dll
0x73d10000 - 0x73d16000 	C:\Windows\system32\d3d8thk.dll
0x6b470000 - 0x6b5ac000 	C:\Windows\system32\aticfx32.dll
0x6cf30000 - 0x6cf52000 	C:\Windows\system32\atiu9pag.dll
0x6ab90000 - 0x6b468000 	C:\Windows\system32\atiumdag.dll
0x16710000 - 0x17179000 	C:\Windows\system32\atiumdva.dll
0x6d530000 - 0x6d555000 	C:\Windows\system32\POWRPROF.dll
0x6cf10000 - 0x6cf2c000 	C:\Windows\system32\amdihk32.dll
0x6cf00000 - 0x6cf06000 	C:\Windows\system32\detoured.dll
0x6c100000 - 0x6c10d000 	C:\Users\Bowie\AppData\Local\Temp\jogamp_0000\file_cache\jln7762205541096210779\jln4327173686684587884\natives\windows-i586\nativewindow_win32.dll
0x02310000 - 0x02320000 	C:\Users\Bowie\AppData\Local\Temp\jogamp_0000\file_cache\jln7762205541096210779\jln4327173686684587884\natives\windows-i586\newt.dll
0x6a0a0000 - 0x6a119000 	C:\Windows\system32\mscms.dll
0x6bc90000 - 0x6bcc8000 	C:\Windows\system32\icm32.dll
0x64500000 - 0x645a1000 	C:\Users\Bowie\AppData\Local\Temp\jogamp_0000\file_cache\jln7762205541096210779\jln4327173686684587884\natives\windows-i586\jogl_desktop.dll
0x64340000 - 0x6439a000 	C:\Users\Bowie\AppData\Local\Temp\jogamp_0000\file_cache\jln7762205541096210779\jln4327173686684587884\natives\windows-i586\jogl_mobile.dll
0x6ce10000 - 0x6ce2c000 	C:\Windows\system32\atiglpxx.dll
0x69f90000 - 0x6a091000 	C:\Windows\system32\atiadlxx.dll
0x712d0000 - 0x713c5000 	C:\Windows\system32\PROPSYS.dll
0x74f40000 - 0x74f4d000 	C:\Windows\system32\WTSAPI32.dll
0x75690000 - 0x756bd000 	C:\Windows\syswow64\WINTRUST.dll
0x773c0000 - 0x774dd000 	C:\Windows\syswow64\CRYPT32.dll
0x77900000 - 0x7790c000 	C:\Windows\syswow64\MSASN1.dll
0x68450000 - 0x69f8c000 	C:\Windows\system32\atioglxx.dll
0x6bc70000 - 0x6bc88000 	C:\Windows\system32\dxva2.dll
0x68420000 - 0x6844c000 	C:\Windows\system32\atigktxx.dll
0x68310000 - 0x68411000 	C:\Windows\system32\atiadlxy.dll
0x76ed0000 - 0x76f53000 	C:\Windows\syswow64\CLBCatQ.DLL
0x68220000 - 0x6830b000 	C:\Windows\system32\dbghelp.dll

VM Arguments:
jvm_args: -Dfile.encoding=Cp1252 
java_command: com.bowie.javagl.AppMain
java_class_path (initial): D:\projects\JavaGLTest\bin;D:\projects\JavaGLTest\gluegen-rt.jar;D:\projects\JavaGLTest\gluegen-rt-natives-windows-i586.jar;D:\projects\JavaGLTest\jogl-all.jar;D:\projects\JavaGLTest\jogl-all-natives-windows-i586.jar
Launcher Type: SUN_STANDARD

Environment Variables:
PATH=C:/Program Files (x86)/Java/jre1.8.0_112/bin/client;C:/Program Files (x86)/Java/jre1.8.0_112/bin;C:/Program Files (x86)/Java/jre1.8.0_112/lib/i386;C:\ProgramData\Oracle\Java\javapath;C:\Windows\system32;C:\Windows;C:\Windows\System32\Wbem;C:\Windows\System32\WindowsPowerShell\v1.0\;C:\Program Files (x86)\ATI Technologies\ATI.ACE\Core-Static;C:\Program Files\Git\cmd;C:\Python\Scripts\;C:\Python\;C:\Program Files (x86)\Java\jre7\bin\;C:\adb;C:\Program Files (x86)\Microsoft SQL Server\100\Tools\Binn\;C:\Program Files\Microsoft SQL Server\100\Tools\Binn\;C:\Program Files\Microsoft SQL Server\100\DTS\Binn\;C:\Python\Scripts\;C:\Python\;C:\Program Files (x86)\Java\jre7\bin\;D:\adt\eclipse;
USERNAME=Bowie
OS=Windows_NT
PROCESSOR_IDENTIFIER=AMD64 Family 21 Model 48 Stepping 1, AuthenticAMD



---------------  S Y S T E M  ---------------

OS: Windows 7 , 64 bit Build 7601 (6.1.7601.17514)

CPU:total 4 (4 cores per cpu, 1 threads per core) family 21 model 48 stepping 1, cmov, cx8, fxsr, mmx, sse, sse2, sse3, ssse3, sse4.1, sse4.2, popcnt, avx, aes, clmul, mmxext, 3dnowpref, lzcnt, sse4a, tsc, tscinvbit, tscinv, bmi1

Memory: 4k page, physical 3617964k(2050292k free), swap 7234084k(5248516k free)

vm_info: Java HotSpot(TM) Client VM (25.112-b15) for windows-x86 JRE (1.8.0_112-b15), built on Sep 22 2016 21:03:20 by "java_re" with MS VC++ 10.0 (VS2010)

time: Tue Dec 27 12:12:29 2016
elapsed time: 14 seconds (0d 0h 0m 14s)

